[debug] [2020-08-04T20:58:10.011Z] ----------------------------------------------------------------------
[debug] [2020-08-04T20:58:10.013Z] Command:       /usr/local/bin/node /Users/niels/.npm-global/bin/firebase deploy --only functions
[debug] [2020-08-04T20:58:10.013Z] CLI Version:   8.6.0
[debug] [2020-08-04T20:58:10.013Z] Platform:      darwin
[debug] [2020-08-04T20:58:10.013Z] Node Version:  v12.10.0
[debug] [2020-08-04T20:58:10.017Z] Time:          Tue Aug 04 2020 22:58:10 GMT+0200 (Central European Summer Time)
[debug] [2020-08-04T20:58:10.017Z] ----------------------------------------------------------------------
[debug] [2020-08-04T20:58:10.017Z] 
[debug] [2020-08-04T20:58:10.028Z] > command requires scopes: ["email","openid","https://www.googleapis.com/auth/cloudplatformprojects.readonly","https://www.googleapis.com/auth/firebase","https://www.googleapis.com/auth/cloud-platform"]
[debug] [2020-08-04T20:58:10.029Z] > authorizing via signed-in user
[debug] [2020-08-04T20:58:10.029Z] [iam] checking project presave-app for permissions ["cloudfunctions.functions.create","cloudfunctions.functions.delete","cloudfunctions.functions.get","cloudfunctions.functions.list","cloudfunctions.functions.update","cloudfunctions.operations.get","firebase.projects.get"]
[debug] [2020-08-04T20:58:10.030Z] > refreshing access token with scopes: ["email","https://www.googleapis.com/auth/cloud-platform","https://www.googleapis.com/auth/cloudplatformprojects.readonly","https://www.googleapis.com/auth/firebase","openid"]
[debug] [2020-08-04T20:58:10.031Z] >>> HTTP REQUEST POST https://www.googleapis.com/oauth2/v3/token  
 <request body omitted>
[debug] [2020-08-04T20:58:10.175Z] <<< HTTP RESPONSE 200 {"content-type":"application/json; charset=utf-8","vary":"X-Origin, Referer, Origin,Accept-Encoding","date":"Tue, 04 Aug 2020 20:58:10 GMT","server":"scaffolding on HTTPServer2","cache-control":"private","x-xss-protection":"0","x-frame-options":"SAMEORIGIN","x-content-type-options":"nosniff","alt-svc":"h3-29=\":443\"; ma=2592000,h3-27=\":443\"; ma=2592000,h3-T050=\":443\"; ma=2592000,h3-Q050=\":443\"; ma=2592000,h3-Q046=\":443\"; ma=2592000,h3-Q043=\":443\"; ma=2592000,quic=\":443\"; ma=2592000; v=\"46,43\"","accept-ranges":"none","transfer-encoding":"chunked"}
[debug] [2020-08-04T20:58:10.192Z] >>> HTTP REQUEST POST https://cloudresourcemanager.googleapis.com/v1/projects/presave-app:testIamPermissions  
 {"permissions":["cloudfunctions.functions.create","cloudfunctions.functions.delete","cloudfunctions.functions.get","cloudfunctions.functions.list","cloudfunctions.functions.update","cloudfunctions.operations.get","firebase.projects.get"]}
[debug] [2020-08-04T20:58:10.964Z] <<< HTTP RESPONSE 200 {"content-type":"application/json; charset=UTF-8","vary":"X-Origin, Referer, Origin,Accept-Encoding","date":"Tue, 04 Aug 2020 20:58:10 GMT","server":"ESF","cache-control":"private","x-xss-protection":"0","x-frame-options":"SAMEORIGIN","x-content-type-options":"nosniff","server-timing":"gfet4t7; dur=592","alt-svc":"h3-29=\":443\"; ma=2592000,h3-27=\":443\"; ma=2592000,h3-T050=\":443\"; ma=2592000,h3-Q050=\":443\"; ma=2592000,h3-Q046=\":443\"; ma=2592000,h3-Q043=\":443\"; ma=2592000,quic=\":443\"; ma=2592000; v=\"46,43\"","accept-ranges":"none","transfer-encoding":"chunked"}
[debug] [2020-08-04T20:58:10.965Z] >>> HTTP REQUEST POST https://iam.googleapis.com/v1/projects/presave-app/serviceAccounts/presave-app@appspot.gserviceaccount.com:testIamPermissions  
 {"permissions":["iam.serviceAccounts.actAs"]}
[debug] [2020-08-04T20:58:11.675Z] <<< HTTP RESPONSE 200 {"content-type":"application/json; charset=UTF-8","vary":"X-Origin, Referer, Origin,Accept-Encoding","date":"Tue, 04 Aug 2020 20:58:11 GMT","server":"ESF","cache-control":"private","x-xss-protection":"0","x-frame-options":"SAMEORIGIN","x-content-type-options":"nosniff","alt-svc":"h3-29=\":443\"; ma=2592000,h3-27=\":443\"; ma=2592000,h3-T050=\":443\"; ma=2592000,h3-Q050=\":443\"; ma=2592000,h3-Q046=\":443\"; ma=2592000,h3-Q043=\":443\"; ma=2592000,quic=\":443\"; ma=2592000; v=\"46,43\"","accept-ranges":"none","transfer-encoding":"chunked"}
[warn] ⚠  functions: package.json indicates an outdated version of firebase-functions.
Please upgrade using npm install --save firebase-functions@latest in your functions directory. 
[info] 
[info] === Deploying to 'presave-app'...
[info] 
[info] i  deploying functions 
[info] Running command: npm --prefix "$RESOURCE_DIR" run lint
[info] Running command: npm --prefix "$RESOURCE_DIR" run build
[info] ✔  functions: Finished running predeploy script. 
[debug] [2020-08-04T20:58:18.844Z] > [functions] package.json contents: {
  "name": "functions",
  "scripts": {
    "lint": "tslint --project tsconfig.json",
    "build": "tsc",
    "serve": "npm run build && firebase emulators:start --only functions",
    "shell": "npm run build && firebase functions:shell",
    "start": "npm run shell",
    "deploy": "firebase deploy --only functions",
    "logs": "firebase functions:log"
  },
  "engines": {
    "node": "10"
  },
  "main": "lib/index.js",
  "dependencies": {
    "axios": "^0.19.2",
    "firebase-admin": "^8.10.0",
    "firebase-functions": "^3.6.1",
    "qs": "^6.9.4"
  },
  "devDependencies": {
    "tslint": "^5.12.0",
    "typescript": "^3.8.0",
    "firebase-functions-test": "^0.2.0"
  },
  "private": true
}
[info] i  functions: ensuring required API cloudfunctions.googleapis.com is enabled... 
[info] i  functions: ensuring required API cloudbuild.googleapis.com is enabled... 
[debug] [2020-08-04T20:58:19.735Z] >>> HTTP REQUEST GET https://serviceusage.googleapis.com/v1/projects/presave-app/services/cloudfunctions.googleapis.com  
 
[debug] [2020-08-04T20:58:19.735Z] >>> HTTP REQUEST GET https://serviceusage.googleapis.com/v1/projects/presave-app/services/runtimeconfig.googleapis.com  
 
[debug] [2020-08-04T20:58:19.735Z] >>> HTTP REQUEST GET https://serviceusage.googleapis.com/v1/projects/presave-app/services/cloudbuild.googleapis.com  
 
[debug] [2020-08-04T20:58:20.542Z] <<< HTTP RESPONSE 200 {"content-type":"application/json; charset=UTF-8","vary":"X-Origin, Referer, Origin,Accept-Encoding","date":"Tue, 04 Aug 2020 20:58:20 GMT","server":"ESF","cache-control":"private","x-xss-protection":"0","x-frame-options":"SAMEORIGIN","x-content-type-options":"nosniff","alt-svc":"h3-29=\":443\"; ma=2592000,h3-27=\":443\"; ma=2592000,h3-T050=\":443\"; ma=2592000,h3-Q050=\":443\"; ma=2592000,h3-Q046=\":443\"; ma=2592000,h3-Q043=\":443\"; ma=2592000,quic=\":443\"; ma=2592000; v=\"46,43\"","accept-ranges":"none","transfer-encoding":"chunked"}
[debug] [2020-08-04T20:58:20.592Z] <<< HTTP RESPONSE 200 {"content-type":"application/json; charset=UTF-8","vary":"X-Origin, Referer, Origin,Accept-Encoding","date":"Tue, 04 Aug 2020 20:58:20 GMT","server":"ESF","cache-control":"private","x-xss-protection":"0","x-frame-options":"SAMEORIGIN","x-content-type-options":"nosniff","alt-svc":"h3-29=\":443\"; ma=2592000,h3-27=\":443\"; ma=2592000,h3-T050=\":443\"; ma=2592000,h3-Q050=\":443\"; ma=2592000,h3-Q046=\":443\"; ma=2592000,h3-Q043=\":443\"; ma=2592000,quic=\":443\"; ma=2592000; v=\"46,43\"","accept-ranges":"none","transfer-encoding":"chunked"}
[info] ✔  functions: required API cloudbuild.googleapis.com is enabled 
[debug] [2020-08-04T20:58:20.674Z] <<< HTTP RESPONSE 200 {"content-type":"application/json; charset=UTF-8","vary":"X-Origin, Referer, Origin,Accept-Encoding","date":"Tue, 04 Aug 2020 20:58:20 GMT","server":"ESF","cache-control":"private","x-xss-protection":"0","x-frame-options":"SAMEORIGIN","x-content-type-options":"nosniff","alt-svc":"h3-29=\":443\"; ma=2592000,h3-27=\":443\"; ma=2592000,h3-T050=\":443\"; ma=2592000,h3-Q050=\":443\"; ma=2592000,h3-Q046=\":443\"; ma=2592000,h3-Q043=\":443\"; ma=2592000,quic=\":443\"; ma=2592000; v=\"46,43\"","accept-ranges":"none","transfer-encoding":"chunked"}
[info] ✔  functions: required API cloudfunctions.googleapis.com is enabled 
[debug] [2020-08-04T20:58:20.674Z] >>> HTTP REQUEST GET https://firebase.googleapis.com/v1beta1/projects/presave-app/adminSdkConfig  
 
[debug] [2020-08-04T20:58:21.096Z] <<< HTTP RESPONSE 200 {"content-type":"application/json; charset=UTF-8","vary":"X-Origin, Referer, Origin,Accept-Encoding","date":"Tue, 04 Aug 2020 20:58:20 GMT","server":"ESF","cache-control":"private","x-xss-protection":"0","x-frame-options":"SAMEORIGIN","x-content-type-options":"nosniff","alt-svc":"h3-29=\":443\"; ma=2592000,h3-27=\":443\"; ma=2592000,h3-T050=\":443\"; ma=2592000,h3-Q050=\":443\"; ma=2592000,h3-Q046=\":443\"; ma=2592000,h3-Q043=\":443\"; ma=2592000,quic=\":443\"; ma=2592000; v=\"46,43\"","accept-ranges":"none","transfer-encoding":"chunked"}
[info] i  functions: preparing functions directory for uploading... 
[debug] [2020-08-04T20:58:21.097Z] >>> HTTP REQUEST GET https://runtimeconfig.googleapis.com/v1beta1/projects/presave-app/configs  
 
[debug] [2020-08-04T20:58:21.494Z] <<< HTTP RESPONSE 200 {"content-type":"application/json; charset=UTF-8","vary":"X-Origin, Referer, Origin,Accept-Encoding","date":"Tue, 04 Aug 2020 20:58:21 GMT","server":"ESF","cache-control":"private","x-xss-protection":"0","x-frame-options":"SAMEORIGIN","x-content-type-options":"nosniff","alt-svc":"h3-29=\":443\"; ma=2592000,h3-27=\":443\"; ma=2592000,h3-T050=\":443\"; ma=2592000,h3-Q050=\":443\"; ma=2592000,h3-Q046=\":443\"; ma=2592000,h3-Q043=\":443\"; ma=2592000,quic=\":443\"; ma=2592000; v=\"46,43\"","accept-ranges":"none","transfer-encoding":"chunked"}
[debug] [2020-08-04T20:58:21.495Z] >>> HTTP REQUEST GET https://runtimeconfig.googleapis.com/v1beta1/projects/presave-app/configs/spotify/variables  
 
[debug] [2020-08-04T20:58:22.116Z] <<< HTTP RESPONSE 200 {"content-type":"application/json; charset=UTF-8","vary":"X-Origin, Referer, Origin,Accept-Encoding","date":"Tue, 04 Aug 2020 20:58:21 GMT","server":"ESF","cache-control":"private","x-xss-protection":"0","x-frame-options":"SAMEORIGIN","x-content-type-options":"nosniff","alt-svc":"h3-29=\":443\"; ma=2592000,h3-27=\":443\"; ma=2592000,h3-T050=\":443\"; ma=2592000,h3-Q050=\":443\"; ma=2592000,h3-Q046=\":443\"; ma=2592000,h3-Q043=\":443\"; ma=2592000,quic=\":443\"; ma=2592000; v=\"46,43\"","accept-ranges":"none","transfer-encoding":"chunked"}
[debug] [2020-08-04T20:58:22.117Z] >>> HTTP REQUEST GET https://runtimeconfig.googleapis.com/v1beta1/projects/presave-app/configs/spotify/variables/secret  
 
[debug] [2020-08-04T20:58:22.118Z] >>> HTTP REQUEST GET https://runtimeconfig.googleapis.com/v1beta1/projects/presave-app/configs/spotify/variables/id  
 
[debug] [2020-08-04T20:58:22.879Z] <<< HTTP RESPONSE 200 {"content-type":"application/json; charset=UTF-8","vary":"X-Origin, Referer, Origin,Accept-Encoding","date":"Tue, 04 Aug 2020 20:58:22 GMT","server":"ESF","cache-control":"private","x-xss-protection":"0","x-frame-options":"SAMEORIGIN","x-content-type-options":"nosniff","alt-svc":"h3-29=\":443\"; ma=2592000,h3-27=\":443\"; ma=2592000,h3-T050=\":443\"; ma=2592000,h3-Q050=\":443\"; ma=2592000,h3-Q046=\":443\"; ma=2592000,h3-Q043=\":443\"; ma=2592000,quic=\":443\"; ma=2592000; v=\"46,43\"","accept-ranges":"none","transfer-encoding":"chunked"}
[debug] [2020-08-04T20:58:22.880Z] <<< HTTP RESPONSE 200 {"content-type":"application/json; charset=UTF-8","vary":"X-Origin, Referer, Origin,Accept-Encoding","date":"Tue, 04 Aug 2020 20:58:22 GMT","server":"ESF","cache-control":"private","x-xss-protection":"0","x-frame-options":"SAMEORIGIN","x-content-type-options":"nosniff","alt-svc":"h3-29=\":443\"; ma=2592000,h3-27=\":443\"; ma=2592000,h3-T050=\":443\"; ma=2592000,h3-Q050=\":443\"; ma=2592000,h3-Q046=\":443\"; ma=2592000,h3-Q043=\":443\"; ma=2592000,quic=\":443\"; ma=2592000; v=\"46,43\"","accept-ranges":"none","transfer-encoding":"chunked"}
[info] i  functions: packaged functions (46.02 KB) for uploading 
[debug] [2020-08-04T20:58:23.086Z] >>> HTTP REQUEST GET https://cloudfunctions.googleapis.com/v1/projects/presave-app/locations/-/functions  
 
[debug] [2020-08-04T20:58:23.758Z] <<< HTTP RESPONSE 200 {"content-type":"application/json; charset=UTF-8","vary":"X-Origin, Referer, Origin,Accept-Encoding","date":"Tue, 04 Aug 2020 20:58:23 GMT","server":"ESF","cache-control":"private","x-xss-protection":"0","x-frame-options":"SAMEORIGIN","x-content-type-options":"nosniff","alt-svc":"h3-29=\":443\"; ma=2592000,h3-27=\":443\"; ma=2592000,h3-T050=\":443\"; ma=2592000,h3-Q050=\":443\"; ma=2592000,h3-Q046=\":443\"; ma=2592000,h3-Q043=\":443\"; ma=2592000,quic=\":443\"; ma=2592000; v=\"46,43\"","accept-ranges":"none","transfer-encoding":"chunked"}
[debug] [2020-08-04T20:58:23.761Z] >>> HTTP REQUEST POST https://cloudfunctions.googleapis.com/v1/projects/presave-app/locations/us-central1/functions:generateUploadUrl  
 
[debug] [2020-08-04T20:58:24.825Z] <<< HTTP RESPONSE 200 {"content-type":"application/json; charset=UTF-8","vary":"X-Origin, Referer, Origin,Accept-Encoding","date":"Tue, 04 Aug 2020 20:58:24 GMT","server":"ESF","cache-control":"private","x-xss-protection":"0","x-frame-options":"SAMEORIGIN","x-content-type-options":"nosniff","alt-svc":"h3-29=\":443\"; ma=2592000,h3-27=\":443\"; ma=2592000,h3-T050=\":443\"; ma=2592000,h3-Q050=\":443\"; ma=2592000,h3-Q046=\":443\"; ma=2592000,h3-Q043=\":443\"; ma=2592000,quic=\":443\"; ma=2592000; v=\"46,43\"","accept-ranges":"none","transfer-encoding":"chunked"}
[debug] [2020-08-04T20:58:24.826Z] >>> HTTP REQUEST PUT https://storage.googleapis.com/gcf-upload-us-central1-8c52f971-0b63-439e-8760-bc1162b18cc1/1d3705c9-4115-43fd-a4b5-b0c7776163e3.zip?GoogleAccessId=service-565477002562@gcf-admin-robot.iam.gserviceaccount.com&Expires=1596576504&Signature=N62TypEqjcniTbccBkw5ao7Pk9twOyuGwkpUH1qRmatT4eKCRhpfcqSW%2BYv%2FFGb92XFxGO9rqElrcLJsvlSjI9PgdoVAP5NhpdeKpUc%2BTrG9Nv2lPMYYFjmJ7sVcY1G0UjklMRgRoOST7pvChI6agx1nApEftE293xrRh2DUdoJycOyufgyW62zgQqlR9MQ8RopWszb7%2BLLFwTUX2pPIe1q6GY4cvbwx6Xrvg2ZTRQio%2FZ1eFgtXYh4RfkW%2B5VUGHcioIQYOx9ulgXZ4N578B5vt%2B8hDTnQHReX81HCPF%2FYI2QSojVyzG%2BAdvf5yKkPBZrfBAeoUBF4HCXw%2BOhCshQ%3D%3D  
 <request body omitted>
[debug] [2020-08-04T20:58:25.294Z] <<< HTTP RESPONSE 200 {"x-guploader-uploadid":"AAANsUntaJT905IDY2h5U2QQQ1KV-rV0B1SsJDTgNXHFR7Stxmn8CwuGa_ttVvQzrrw7uchY0qLwY4w7DM6o2qbjXJA","etag":"\"6fbeb6f676241b84980071a32a4ad939\"","x-goog-generation":"1596574705155872","x-goog-metageneration":"1","x-goog-hash":"crc32c=S7YnEg==, md5=b7629nYkG4SYAHGjKkrZOQ==","x-goog-stored-content-length":"47121","x-goog-stored-content-encoding":"identity","vary":"Origin","content-length":"0","date":"Tue, 04 Aug 2020 20:58:25 GMT","server":"UploadServer","content-type":"text/html; charset=UTF-8","alt-svc":"h3-29=\":443\"; ma=2592000,h3-27=\":443\"; ma=2592000,h3-T050=\":443\"; ma=2592000,h3-Q050=\":443\"; ma=2592000,h3-Q046=\":443\"; ma=2592000,h3-Q043=\":443\"; ma=2592000,quic=\":443\"; ma=2592000; v=\"46,43\""}
[info] ✔  functions: functions folder uploaded successfully 
[info] i  functions: updating Node.js 10 function followOnCreate(us-central1)... 
[debug] [2020-08-04T20:58:25.297Z] Trigger is:  {"eventTrigger":{"resource":"projects/presave-app/databases/(default)/documents/presaves/{presaveId}","eventType":"providers/cloud.firestore/eventTypes/document.create","service":"firestore.googleapis.com"}}
[info] i  functions: updating Node.js 10 function decrementSaveOnDelete(us-central1)... 
[debug] [2020-08-04T20:58:25.298Z] Trigger is:  {"eventTrigger":{"resource":"projects/presave-app/databases/(default)/documents/presaves/{presaveId}","eventType":"providers/cloud.firestore/eventTypes/document.delete","service":"firestore.googleapis.com"}}
[info] i  functions: updating Node.js 10 function decrementSaveOnMessengerDelete(us-central1)... 
[debug] [2020-08-04T20:58:25.298Z] Trigger is:  {"eventTrigger":{"resource":"projects/presave-app/databases/(default)/documents/messengerSaves/{presaveId}","eventType":"providers/cloud.firestore/eventTypes/document.delete","service":"firestore.googleapis.com"}}
[info] i  functions: updating Node.js 10 function decrementSaveOnAppleDelete(us-central1)... 
[debug] [2020-08-04T20:58:25.298Z] Trigger is:  {"eventTrigger":{"resource":"projects/presave-app/databases/(default)/documents/applePresaves/{presaveId}","eventType":"providers/cloud.firestore/eventTypes/document.delete","service":"firestore.googleapis.com"}}
[info] i  functions: updating Node.js 10 function parseSaveCount(us-central1)... 
[debug] [2020-08-04T20:58:25.298Z] Trigger is:  {"eventTrigger":{"resource":"projects/presave-app/databases/(default)/documents/presaves/{docId}","eventType":"providers/cloud.firestore/eventTypes/document.update","service":"firestore.googleapis.com"}}
[debug] [2020-08-04T20:58:25.301Z] >>> HTTP REQUEST PATCH https://cloudfunctions.googleapis.com/v1/projects/presave-app/locations/us-central1/functions/followOnCreate {"updateMask":"sourceUploadUrl,name,labels,runtime,environmentVariables,eventTrigger.resource,eventTrigger.eventType,eventTrigger.service"} 
 {"sourceUploadUrl":"https://storage.googleapis.com/gcf-upload-us-central1-8c52f971-0b63-439e-8760-bc1162b18cc1/1d3705c9-4115-43fd-a4b5-b0c7776163e3.zip?GoogleAccessId=service-565477002562@gcf-admin-robot.iam.gserviceaccount.com&Expires=1596576504&Signature=N62TypEqjcniTbccBkw5ao7Pk9twOyuGwkpUH1qRmatT4eKCRhpfcqSW%2BYv%2FFGb92XFxGO9rqElrcLJsvlSjI9PgdoVAP5NhpdeKpUc%2BTrG9Nv2lPMYYFjmJ7sVcY1G0UjklMRgRoOST7pvChI6agx1nApEftE293xrRh2DUdoJycOyufgyW62zgQqlR9MQ8RopWszb7%2BLLFwTUX2pPIe1q6GY4cvbwx6Xrvg2ZTRQio%2FZ1eFgtXYh4RfkW%2B5VUGHcioIQYOx9ulgXZ4N578B5vt%2B8hDTnQHReX81HCPF%2FYI2QSojVyzG%2BAdvf5yKkPBZrfBAeoUBF4HCXw%2BOhCshQ%3D%3D","name":"projects/presave-app/locations/us-central1/functions/followOnCreate","labels":{"deployment-tool":"cli-firebase"},"eventTrigger":{"resource":"projects/presave-app/databases/(default)/documents/presaves/{presaveId}","eventType":"providers/cloud.firestore/eventTypes/document.create","service":"firestore.googleapis.com"},"runtime":"nodejs10","environmentVariables":{"FIREBASE_CONFIG":"{\"projectId\":\"presave-app\",\"databaseURL\":\"https://presave-app.firebaseio.com\",\"storageBucket\":\"presave-app.appspot.com\",\"locationId\":\"us-central\"}"}}
[debug] [2020-08-04T20:58:25.301Z] >>> HTTP REQUEST PATCH https://cloudfunctions.googleapis.com/v1/projects/presave-app/locations/us-central1/functions/decrementSaveOnDelete {"updateMask":"sourceUploadUrl,name,labels,runtime,environmentVariables,eventTrigger.resource,eventTrigger.eventType,eventTrigger.service"} 
 {"sourceUploadUrl":"https://storage.googleapis.com/gcf-upload-us-central1-8c52f971-0b63-439e-8760-bc1162b18cc1/1d3705c9-4115-43fd-a4b5-b0c7776163e3.zip?GoogleAccessId=service-565477002562@gcf-admin-robot.iam.gserviceaccount.com&Expires=1596576504&Signature=N62TypEqjcniTbccBkw5ao7Pk9twOyuGwkpUH1qRmatT4eKCRhpfcqSW%2BYv%2FFGb92XFxGO9rqElrcLJsvlSjI9PgdoVAP5NhpdeKpUc%2BTrG9Nv2lPMYYFjmJ7sVcY1G0UjklMRgRoOST7pvChI6agx1nApEftE293xrRh2DUdoJycOyufgyW62zgQqlR9MQ8RopWszb7%2BLLFwTUX2pPIe1q6GY4cvbwx6Xrvg2ZTRQio%2FZ1eFgtXYh4RfkW%2B5VUGHcioIQYOx9ulgXZ4N578B5vt%2B8hDTnQHReX81HCPF%2FYI2QSojVyzG%2BAdvf5yKkPBZrfBAeoUBF4HCXw%2BOhCshQ%3D%3D","name":"projects/presave-app/locations/us-central1/functions/decrementSaveOnDelete","labels":{"deployment-tool":"cli-firebase"},"eventTrigger":{"resource":"projects/presave-app/databases/(default)/documents/presaves/{presaveId}","eventType":"providers/cloud.firestore/eventTypes/document.delete","service":"firestore.googleapis.com"},"runtime":"nodejs10","environmentVariables":{"FIREBASE_CONFIG":"{\"projectId\":\"presave-app\",\"databaseURL\":\"https://presave-app.firebaseio.com\",\"storageBucket\":\"presave-app.appspot.com\",\"locationId\":\"us-central\"}"}}
[debug] [2020-08-04T20:58:25.302Z] >>> HTTP REQUEST PATCH https://cloudfunctions.googleapis.com/v1/projects/presave-app/locations/us-central1/functions/decrementSaveOnMessengerDelete {"updateMask":"sourceUploadUrl,name,labels,runtime,environmentVariables,eventTrigger.resource,eventTrigger.eventType,eventTrigger.service"} 
 {"sourceUploadUrl":"https://storage.googleapis.com/gcf-upload-us-central1-8c52f971-0b63-439e-8760-bc1162b18cc1/1d3705c9-4115-43fd-a4b5-b0c7776163e3.zip?GoogleAccessId=service-565477002562@gcf-admin-robot.iam.gserviceaccount.com&Expires=1596576504&Signature=N62TypEqjcniTbccBkw5ao7Pk9twOyuGwkpUH1qRmatT4eKCRhpfcqSW%2BYv%2FFGb92XFxGO9rqElrcLJsvlSjI9PgdoVAP5NhpdeKpUc%2BTrG9Nv2lPMYYFjmJ7sVcY1G0UjklMRgRoOST7pvChI6agx1nApEftE293xrRh2DUdoJycOyufgyW62zgQqlR9MQ8RopWszb7%2BLLFwTUX2pPIe1q6GY4cvbwx6Xrvg2ZTRQio%2FZ1eFgtXYh4RfkW%2B5VUGHcioIQYOx9ulgXZ4N578B5vt%2B8hDTnQHReX81HCPF%2FYI2QSojVyzG%2BAdvf5yKkPBZrfBAeoUBF4HCXw%2BOhCshQ%3D%3D","name":"projects/presave-app/locations/us-central1/functions/decrementSaveOnMessengerDelete","labels":{"deployment-tool":"cli-firebase"},"eventTrigger":{"resource":"projects/presave-app/databases/(default)/documents/messengerSaves/{presaveId}","eventType":"providers/cloud.firestore/eventTypes/document.delete","service":"firestore.googleapis.com"},"runtime":"nodejs10","environmentVariables":{"FIREBASE_CONFIG":"{\"projectId\":\"presave-app\",\"databaseURL\":\"https://presave-app.firebaseio.com\",\"storageBucket\":\"presave-app.appspot.com\",\"locationId\":\"us-central\"}"}}
[debug] [2020-08-04T20:58:25.302Z] >>> HTTP REQUEST PATCH https://cloudfunctions.googleapis.com/v1/projects/presave-app/locations/us-central1/functions/decrementSaveOnAppleDelete {"updateMask":"sourceUploadUrl,name,labels,runtime,environmentVariables,eventTrigger.resource,eventTrigger.eventType,eventTrigger.service"} 
 {"sourceUploadUrl":"https://storage.googleapis.com/gcf-upload-us-central1-8c52f971-0b63-439e-8760-bc1162b18cc1/1d3705c9-4115-43fd-a4b5-b0c7776163e3.zip?GoogleAccessId=service-565477002562@gcf-admin-robot.iam.gserviceaccount.com&Expires=1596576504&Signature=N62TypEqjcniTbccBkw5ao7Pk9twOyuGwkpUH1qRmatT4eKCRhpfcqSW%2BYv%2FFGb92XFxGO9rqElrcLJsvlSjI9PgdoVAP5NhpdeKpUc%2BTrG9Nv2lPMYYFjmJ7sVcY1G0UjklMRgRoOST7pvChI6agx1nApEftE293xrRh2DUdoJycOyufgyW62zgQqlR9MQ8RopWszb7%2BLLFwTUX2pPIe1q6GY4cvbwx6Xrvg2ZTRQio%2FZ1eFgtXYh4RfkW%2B5VUGHcioIQYOx9ulgXZ4N578B5vt%2B8hDTnQHReX81HCPF%2FYI2QSojVyzG%2BAdvf5yKkPBZrfBAeoUBF4HCXw%2BOhCshQ%3D%3D","name":"projects/presave-app/locations/us-central1/functions/decrementSaveOnAppleDelete","labels":{"deployment-tool":"cli-firebase"},"eventTrigger":{"resource":"projects/presave-app/databases/(default)/documents/applePresaves/{presaveId}","eventType":"providers/cloud.firestore/eventTypes/document.delete","service":"firestore.googleapis.com"},"runtime":"nodejs10","environmentVariables":{"FIREBASE_CONFIG":"{\"projectId\":\"presave-app\",\"databaseURL\":\"https://presave-app.firebaseio.com\",\"storageBucket\":\"presave-app.appspot.com\",\"locationId\":\"us-central\"}"}}
[debug] [2020-08-04T20:58:25.302Z] >>> HTTP REQUEST PATCH https://cloudfunctions.googleapis.com/v1/projects/presave-app/locations/us-central1/functions/parseSaveCount {"updateMask":"sourceUploadUrl,name,labels,runtime,environmentVariables,eventTrigger.resource,eventTrigger.eventType,eventTrigger.service"} 
 {"sourceUploadUrl":"https://storage.googleapis.com/gcf-upload-us-central1-8c52f971-0b63-439e-8760-bc1162b18cc1/1d3705c9-4115-43fd-a4b5-b0c7776163e3.zip?GoogleAccessId=service-565477002562@gcf-admin-robot.iam.gserviceaccount.com&Expires=1596576504&Signature=N62TypEqjcniTbccBkw5ao7Pk9twOyuGwkpUH1qRmatT4eKCRhpfcqSW%2BYv%2FFGb92XFxGO9rqElrcLJsvlSjI9PgdoVAP5NhpdeKpUc%2BTrG9Nv2lPMYYFjmJ7sVcY1G0UjklMRgRoOST7pvChI6agx1nApEftE293xrRh2DUdoJycOyufgyW62zgQqlR9MQ8RopWszb7%2BLLFwTUX2pPIe1q6GY4cvbwx6Xrvg2ZTRQio%2FZ1eFgtXYh4RfkW%2B5VUGHcioIQYOx9ulgXZ4N578B5vt%2B8hDTnQHReX81HCPF%2FYI2QSojVyzG%2BAdvf5yKkPBZrfBAeoUBF4HCXw%2BOhCshQ%3D%3D","name":"projects/presave-app/locations/us-central1/functions/parseSaveCount","labels":{"deployment-tool":"cli-firebase"},"eventTrigger":{"resource":"projects/presave-app/databases/(default)/documents/presaves/{docId}","eventType":"providers/cloud.firestore/eventTypes/document.update","service":"firestore.googleapis.com"},"runtime":"nodejs10","environmentVariables":{"FIREBASE_CONFIG":"{\"projectId\":\"presave-app\",\"databaseURL\":\"https://presave-app.firebaseio.com\",\"storageBucket\":\"presave-app.appspot.com\",\"locationId\":\"us-central\"}"}}
[debug] [2020-08-04T20:58:25.909Z] <<< HTTP RESPONSE 200 {"content-type":"application/json; charset=UTF-8","vary":"X-Origin, Referer, Origin,Accept-Encoding","date":"Tue, 04 Aug 2020 20:58:25 GMT","server":"ESF","cache-control":"private","x-xss-protection":"0","x-frame-options":"SAMEORIGIN","x-content-type-options":"nosniff","alt-svc":"h3-29=\":443\"; ma=2592000,h3-27=\":443\"; ma=2592000,h3-T050=\":443\"; ma=2592000,h3-Q050=\":443\"; ma=2592000,h3-Q046=\":443\"; ma=2592000,h3-Q043=\":443\"; ma=2592000,quic=\":443\"; ma=2592000; v=\"46,43\"","accept-ranges":"none","transfer-encoding":"chunked"}
[debug] [2020-08-04T20:58:25.911Z] <<< HTTP RESPONSE 200 {"content-type":"application/json; charset=UTF-8","vary":"X-Origin, Referer, Origin,Accept-Encoding","date":"Tue, 04 Aug 2020 20:58:25 GMT","server":"ESF","cache-control":"private","x-xss-protection":"0","x-frame-options":"SAMEORIGIN","x-content-type-options":"nosniff","alt-svc":"h3-29=\":443\"; ma=2592000,h3-27=\":443\"; ma=2592000,h3-T050=\":443\"; ma=2592000,h3-Q050=\":443\"; ma=2592000,h3-Q046=\":443\"; ma=2592000,h3-Q043=\":443\"; ma=2592000,quic=\":443\"; ma=2592000; v=\"46,43\"","accept-ranges":"none","transfer-encoding":"chunked"}
[debug] [2020-08-04T20:58:25.911Z] <<< HTTP RESPONSE 200 {"content-type":"application/json; charset=UTF-8","vary":"X-Origin, Referer, Origin,Accept-Encoding","date":"Tue, 04 Aug 2020 20:58:25 GMT","server":"ESF","cache-control":"private","x-xss-protection":"0","x-frame-options":"SAMEORIGIN","x-content-type-options":"nosniff","alt-svc":"h3-29=\":443\"; ma=2592000,h3-27=\":443\"; ma=2592000,h3-T050=\":443\"; ma=2592000,h3-Q050=\":443\"; ma=2592000,h3-Q046=\":443\"; ma=2592000,h3-Q043=\":443\"; ma=2592000,quic=\":443\"; ma=2592000; v=\"46,43\"","accept-ranges":"none","transfer-encoding":"chunked"}
[debug] [2020-08-04T20:58:25.914Z] <<< HTTP RESPONSE 200 {"content-type":"application/json; charset=UTF-8","vary":"X-Origin, Referer, Origin,Accept-Encoding","date":"Tue, 04 Aug 2020 20:58:25 GMT","server":"ESF","cache-control":"private","x-xss-protection":"0","x-frame-options":"SAMEORIGIN","x-content-type-options":"nosniff","alt-svc":"h3-29=\":443\"; ma=2592000,h3-27=\":443\"; ma=2592000,h3-T050=\":443\"; ma=2592000,h3-Q050=\":443\"; ma=2592000,h3-Q046=\":443\"; ma=2592000,h3-Q043=\":443\"; ma=2592000,quic=\":443\"; ma=2592000; v=\"46,43\"","accept-ranges":"none","transfer-encoding":"chunked"}
[debug] [2020-08-04T20:58:25.914Z] <<< HTTP RESPONSE 200 {"content-type":"application/json; charset=UTF-8","vary":"X-Origin, Referer, Origin,Accept-Encoding","date":"Tue, 04 Aug 2020 20:58:25 GMT","server":"ESF","cache-control":"private","x-xss-protection":"0","x-frame-options":"SAMEORIGIN","x-content-type-options":"nosniff","alt-svc":"h3-29=\":443\"; ma=2592000,h3-27=\":443\"; ma=2592000,h3-T050=\":443\"; ma=2592000,h3-Q050=\":443\"; ma=2592000,h3-Q046=\":443\"; ma=2592000,h3-Q043=\":443\"; ma=2592000,quic=\":443\"; ma=2592000; v=\"46,43\"","accept-ranges":"none","transfer-encoding":"chunked"}
[debug] [2020-08-04T20:58:25.916Z] >>> HTTP REQUEST GET https://cloudfunctions.googleapis.com/v1/operations/cHJlc2F2ZS1hcHAvdXMtY2VudHJhbDEvZm9sbG93T25DcmVhdGUvb3ZOdkNpYnM0bDQ  
 
[debug] [2020-08-04T20:58:25.916Z] >>> HTTP REQUEST GET https://cloudfunctions.googleapis.com/v1/operations/cHJlc2F2ZS1hcHAvdXMtY2VudHJhbDEvZGVjcmVtZW50U2F2ZU9uRGVsZXRlL2Z2ODg3VFprVU40  
 
[debug] [2020-08-04T20:58:25.916Z] >>> HTTP REQUEST GET https://cloudfunctions.googleapis.com/v1/operations/cHJlc2F2ZS1hcHAvdXMtY2VudHJhbDEvZGVjcmVtZW50U2F2ZU9uTWVzc2VuZ2VyRGVsZXRlL0xENDViSC1JQW5v  
 
[debug] [2020-08-04T20:58:25.918Z] >>> HTTP REQUEST GET https://cloudfunctions.googleapis.com/v1/operations/cHJlc2F2ZS1hcHAvdXMtY2VudHJhbDEvZGVjcmVtZW50U2F2ZU9uQXBwbGVEZWxldGUvX2RvQlJlWFlFWnM  
 
[debug] [2020-08-04T20:58:25.919Z] >>> HTTP REQUEST GET https://cloudfunctions.googleapis.com/v1/operations/cHJlc2F2ZS1hcHAvdXMtY2VudHJhbDEvcGFyc2VTYXZlQ291bnQvTE83ZWJoRDY3WmM  
 
[debug] [2020-08-04T20:58:26.200Z] <<< HTTP RESPONSE 200 {"content-type":"application/json; charset=UTF-8","vary":"X-Origin, Referer, Origin,Accept-Encoding","date":"Tue, 04 Aug 2020 20:58:26 GMT","server":"ESF","cache-control":"private","x-xss-protection":"0","x-frame-options":"SAMEORIGIN","x-content-type-options":"nosniff","alt-svc":"h3-29=\":443\"; ma=2592000,h3-27=\":443\"; ma=2592000,h3-T050=\":443\"; ma=2592000,h3-Q050=\":443\"; ma=2592000,h3-Q046=\":443\"; ma=2592000,h3-Q043=\":443\"; ma=2592000,quic=\":443\"; ma=2592000; v=\"46,43\"","accept-ranges":"none","transfer-encoding":"chunked"}
[debug] [2020-08-04T20:58:26.216Z] <<< HTTP RESPONSE 200 {"content-type":"application/json; charset=UTF-8","vary":"X-Origin, Referer, Origin,Accept-Encoding","date":"Tue, 04 Aug 2020 20:58:26 GMT","server":"ESF","cache-control":"private","x-xss-protection":"0","x-frame-options":"SAMEORIGIN","x-content-type-options":"nosniff","alt-svc":"h3-29=\":443\"; ma=2592000,h3-27=\":443\"; ma=2592000,h3-T050=\":443\"; ma=2592000,h3-Q050=\":443\"; ma=2592000,h3-Q046=\":443\"; ma=2592000,h3-Q043=\":443\"; ma=2592000,quic=\":443\"; ma=2592000; v=\"46,43\"","accept-ranges":"none","transfer-encoding":"chunked"}
[debug] [2020-08-04T20:58:26.217Z] <<< HTTP RESPONSE 200 {"content-type":"application/json; charset=UTF-8","vary":"X-Origin, Referer, Origin,Accept-Encoding","date":"Tue, 04 Aug 2020 20:58:26 GMT","server":"ESF","cache-control":"private","x-xss-protection":"0","x-frame-options":"SAMEORIGIN","x-content-type-options":"nosniff","alt-svc":"h3-29=\":443\"; ma=2592000,h3-27=\":443\"; ma=2592000,h3-T050=\":443\"; ma=2592000,h3-Q050=\":443\"; ma=2592000,h3-Q046=\":443\"; ma=2592000,h3-Q043=\":443\"; ma=2592000,quic=\":443\"; ma=2592000; v=\"46,43\"","accept-ranges":"none","transfer-encoding":"chunked"}
[debug] [2020-08-04T20:58:26.218Z] <<< HTTP RESPONSE 200 {"content-type":"application/json; charset=UTF-8","vary":"X-Origin, Referer, Origin,Accept-Encoding","date":"Tue, 04 Aug 2020 20:58:26 GMT","server":"ESF","cache-control":"private","x-xss-protection":"0","x-frame-options":"SAMEORIGIN","x-content-type-options":"nosniff","alt-svc":"h3-29=\":443\"; ma=2592000,h3-27=\":443\"; ma=2592000,h3-T050=\":443\"; ma=2592000,h3-Q050=\":443\"; ma=2592000,h3-Q046=\":443\"; ma=2592000,h3-Q043=\":443\"; ma=2592000,quic=\":443\"; ma=2592000; v=\"46,43\"","accept-ranges":"none","transfer-encoding":"chunked"}
[debug] [2020-08-04T20:58:26.230Z] <<< HTTP RESPONSE 200 {"content-type":"application/json; charset=UTF-8","vary":"X-Origin, Referer, Origin,Accept-Encoding","date":"Tue, 04 Aug 2020 20:58:26 GMT","server":"ESF","cache-control":"private","x-xss-protection":"0","x-frame-options":"SAMEORIGIN","x-content-type-options":"nosniff","alt-svc":"h3-29=\":443\"; ma=2592000,h3-27=\":443\"; ma=2592000,h3-T050=\":443\"; ma=2592000,h3-Q050=\":443\"; ma=2592000,h3-Q046=\":443\"; ma=2592000,h3-Q043=\":443\"; ma=2592000,quic=\":443\"; ma=2592000; v=\"46,43\"","accept-ranges":"none","transfer-encoding":"chunked"}
[debug] [2020-08-04T20:58:28.201Z] >>> HTTP REQUEST GET https://cloudfunctions.googleapis.com/v1/operations/cHJlc2F2ZS1hcHAvdXMtY2VudHJhbDEvZm9sbG93T25DcmVhdGUvb3ZOdkNpYnM0bDQ  
 
[debug] [2020-08-04T20:58:28.218Z] >>> HTTP REQUEST GET https://cloudfunctions.googleapis.com/v1/operations/cHJlc2F2ZS1hcHAvdXMtY2VudHJhbDEvZGVjcmVtZW50U2F2ZU9uRGVsZXRlL2Z2ODg3VFprVU40  
 
[debug] [2020-08-04T20:58:28.218Z] >>> HTTP REQUEST GET https://cloudfunctions.googleapis.com/v1/operations/cHJlc2F2ZS1hcHAvdXMtY2VudHJhbDEvZGVjcmVtZW50U2F2ZU9uTWVzc2VuZ2VyRGVsZXRlL0xENDViSC1JQW5v  
 
[debug] [2020-08-04T20:58:28.220Z] >>> HTTP REQUEST GET https://cloudfunctions.googleapis.com/v1/operations/cHJlc2F2ZS1hcHAvdXMtY2VudHJhbDEvZGVjcmVtZW50U2F2ZU9uQXBwbGVEZWxldGUvX2RvQlJlWFlFWnM  
 
[debug] [2020-08-04T20:58:28.233Z] >>> HTTP REQUEST GET https://cloudfunctions.googleapis.com/v1/operations/cHJlc2F2ZS1hcHAvdXMtY2VudHJhbDEvcGFyc2VTYXZlQ291bnQvTE83ZWJoRDY3WmM  
 
[debug] [2020-08-04T20:58:28.492Z] <<< HTTP RESPONSE 200 {"content-type":"application/json; charset=UTF-8","vary":"X-Origin, Referer, Origin,Accept-Encoding","date":"Tue, 04 Aug 2020 20:58:28 GMT","server":"ESF","cache-control":"private","x-xss-protection":"0","x-frame-options":"SAMEORIGIN","x-content-type-options":"nosniff","alt-svc":"h3-29=\":443\"; ma=2592000,h3-27=\":443\"; ma=2592000,h3-T050=\":443\"; ma=2592000,h3-Q050=\":443\"; ma=2592000,h3-Q046=\":443\"; ma=2592000,h3-Q043=\":443\"; ma=2592000,quic=\":443\"; ma=2592000; v=\"46,43\"","accept-ranges":"none","transfer-encoding":"chunked"}
[debug] [2020-08-04T20:58:28.493Z] <<< HTTP RESPONSE 200 {"content-type":"application/json; charset=UTF-8","vary":"X-Origin, Referer, Origin,Accept-Encoding","date":"Tue, 04 Aug 2020 20:58:28 GMT","server":"ESF","cache-control":"private","x-xss-protection":"0","x-frame-options":"SAMEORIGIN","x-content-type-options":"nosniff","alt-svc":"h3-29=\":443\"; ma=2592000,h3-27=\":443\"; ma=2592000,h3-T050=\":443\"; ma=2592000,h3-Q050=\":443\"; ma=2592000,h3-Q046=\":443\"; ma=2592000,h3-Q043=\":443\"; ma=2592000,quic=\":443\"; ma=2592000; v=\"46,43\"","accept-ranges":"none","transfer-encoding":"chunked"}
[debug] [2020-08-04T20:58:28.493Z] <<< HTTP RESPONSE 200 {"content-type":"application/json; charset=UTF-8","vary":"X-Origin, Referer, Origin,Accept-Encoding","date":"Tue, 04 Aug 2020 20:58:28 GMT","server":"ESF","cache-control":"private","x-xss-protection":"0","x-frame-options":"SAMEORIGIN","x-content-type-options":"nosniff","alt-svc":"h3-29=\":443\"; ma=2592000,h3-27=\":443\"; ma=2592000,h3-T050=\":443\"; ma=2592000,h3-Q050=\":443\"; ma=2592000,h3-Q046=\":443\"; ma=2592000,h3-Q043=\":443\"; ma=2592000,quic=\":443\"; ma=2592000; v=\"46,43\"","accept-ranges":"none","transfer-encoding":"chunked"}
[debug] [2020-08-04T20:58:28.495Z] <<< HTTP RESPONSE 200 {"content-type":"application/json; charset=UTF-8","vary":"X-Origin, Referer, Origin,Accept-Encoding","date":"Tue, 04 Aug 2020 20:58:28 GMT","server":"ESF","cache-control":"private","x-xss-protection":"0","x-frame-options":"SAMEORIGIN","x-content-type-options":"nosniff","alt-svc":"h3-29=\":443\"; ma=2592000,h3-27=\":443\"; ma=2592000,h3-T050=\":443\"; ma=2592000,h3-Q050=\":443\"; ma=2592000,h3-Q046=\":443\"; ma=2592000,h3-Q043=\":443\"; ma=2592000,quic=\":443\"; ma=2592000; v=\"46,43\"","accept-ranges":"none","transfer-encoding":"chunked"}
[debug] [2020-08-04T20:58:28.499Z] <<< HTTP RESPONSE 200 {"content-type":"application/json; charset=UTF-8","vary":"X-Origin, Referer, Origin,Accept-Encoding","date":"Tue, 04 Aug 2020 20:58:28 GMT","server":"ESF","cache-control":"private","x-xss-protection":"0","x-frame-options":"SAMEORIGIN","x-content-type-options":"nosniff","alt-svc":"h3-29=\":443\"; ma=2592000,h3-27=\":443\"; ma=2592000,h3-T050=\":443\"; ma=2592000,h3-Q050=\":443\"; ma=2592000,h3-Q046=\":443\"; ma=2592000,h3-Q043=\":443\"; ma=2592000,quic=\":443\"; ma=2592000; v=\"46,43\"","accept-ranges":"none","transfer-encoding":"chunked"}
[debug] [2020-08-04T20:58:30.497Z] >>> HTTP REQUEST GET https://cloudfunctions.googleapis.com/v1/operations/cHJlc2F2ZS1hcHAvdXMtY2VudHJhbDEvZGVjcmVtZW50U2F2ZU9uTWVzc2VuZ2VyRGVsZXRlL0xENDViSC1JQW5v  
 
[debug] [2020-08-04T20:58:30.498Z] >>> HTTP REQUEST GET https://cloudfunctions.googleapis.com/v1/operations/cHJlc2F2ZS1hcHAvdXMtY2VudHJhbDEvZGVjcmVtZW50U2F2ZU9uRGVsZXRlL2Z2ODg3VFprVU40  
 
[debug] [2020-08-04T20:58:30.499Z] >>> HTTP REQUEST GET https://cloudfunctions.googleapis.com/v1/operations/cHJlc2F2ZS1hcHAvdXMtY2VudHJhbDEvZGVjcmVtZW50U2F2ZU9uQXBwbGVEZWxldGUvX2RvQlJlWFlFWnM  
 
[debug] [2020-08-04T20:58:30.499Z] >>> HTTP REQUEST GET https://cloudfunctions.googleapis.com/v1/operations/cHJlc2F2ZS1hcHAvdXMtY2VudHJhbDEvZm9sbG93T25DcmVhdGUvb3ZOdkNpYnM0bDQ  
 
[debug] [2020-08-04T20:58:30.503Z] >>> HTTP REQUEST GET https://cloudfunctions.googleapis.com/v1/operations/cHJlc2F2ZS1hcHAvdXMtY2VudHJhbDEvcGFyc2VTYXZlQ291bnQvTE83ZWJoRDY3WmM  
 
[debug] [2020-08-04T20:58:30.736Z] <<< HTTP RESPONSE 200 {"content-type":"application/json; charset=UTF-8","vary":"X-Origin, Referer, Origin,Accept-Encoding","date":"Tue, 04 Aug 2020 20:58:30 GMT","server":"ESF","cache-control":"private","x-xss-protection":"0","x-frame-options":"SAMEORIGIN","x-content-type-options":"nosniff","alt-svc":"h3-29=\":443\"; ma=2592000,h3-27=\":443\"; ma=2592000,h3-T050=\":443\"; ma=2592000,h3-Q050=\":443\"; ma=2592000,h3-Q046=\":443\"; ma=2592000,h3-Q043=\":443\"; ma=2592000,quic=\":443\"; ma=2592000; v=\"46,43\"","accept-ranges":"none","transfer-encoding":"chunked"}
[debug] [2020-08-04T20:58:30.755Z] <<< HTTP RESPONSE 200 {"content-type":"application/json; charset=UTF-8","vary":"X-Origin, Referer, Origin,Accept-Encoding","date":"Tue, 04 Aug 2020 20:58:30 GMT","server":"ESF","cache-control":"private","x-xss-protection":"0","x-frame-options":"SAMEORIGIN","x-content-type-options":"nosniff","alt-svc":"h3-29=\":443\"; ma=2592000,h3-27=\":443\"; ma=2592000,h3-T050=\":443\"; ma=2592000,h3-Q050=\":443\"; ma=2592000,h3-Q046=\":443\"; ma=2592000,h3-Q043=\":443\"; ma=2592000,quic=\":443\"; ma=2592000; v=\"46,43\"","accept-ranges":"none","transfer-encoding":"chunked"}
[debug] [2020-08-04T20:58:30.764Z] <<< HTTP RESPONSE 200 {"content-type":"application/json; charset=UTF-8","vary":"X-Origin, Referer, Origin,Accept-Encoding","date":"Tue, 04 Aug 2020 20:58:30 GMT","server":"ESF","cache-control":"private","x-xss-protection":"0","x-frame-options":"SAMEORIGIN","x-content-type-options":"nosniff","alt-svc":"h3-29=\":443\"; ma=2592000,h3-27=\":443\"; ma=2592000,h3-T050=\":443\"; ma=2592000,h3-Q050=\":443\"; ma=2592000,h3-Q046=\":443\"; ma=2592000,h3-Q043=\":443\"; ma=2592000,quic=\":443\"; ma=2592000; v=\"46,43\"","accept-ranges":"none","transfer-encoding":"chunked"}
[debug] [2020-08-04T20:58:30.766Z] <<< HTTP RESPONSE 200 {"content-type":"application/json; charset=UTF-8","vary":"X-Origin, Referer, Origin,Accept-Encoding","date":"Tue, 04 Aug 2020 20:58:30 GMT","server":"ESF","cache-control":"private","x-xss-protection":"0","x-frame-options":"SAMEORIGIN","x-content-type-options":"nosniff","alt-svc":"h3-29=\":443\"; ma=2592000,h3-27=\":443\"; ma=2592000,h3-T050=\":443\"; ma=2592000,h3-Q050=\":443\"; ma=2592000,h3-Q046=\":443\"; ma=2592000,h3-Q043=\":443\"; ma=2592000,quic=\":443\"; ma=2592000; v=\"46,43\"","accept-ranges":"none","transfer-encoding":"chunked"}
[debug] [2020-08-04T20:58:30.769Z] <<< HTTP RESPONSE 200 {"content-type":"application/json; charset=UTF-8","vary":"X-Origin, Referer, Origin,Accept-Encoding","date":"Tue, 04 Aug 2020 20:58:30 GMT","server":"ESF","cache-control":"private","x-xss-protection":"0","x-frame-options":"SAMEORIGIN","x-content-type-options":"nosniff","alt-svc":"h3-29=\":443\"; ma=2592000,h3-27=\":443\"; ma=2592000,h3-T050=\":443\"; ma=2592000,h3-Q050=\":443\"; ma=2592000,h3-Q046=\":443\"; ma=2592000,h3-Q043=\":443\"; ma=2592000,quic=\":443\"; ma=2592000; v=\"46,43\"","accept-ranges":"none","transfer-encoding":"chunked"}
[debug] [2020-08-04T20:58:32.739Z] >>> HTTP REQUEST GET https://cloudfunctions.googleapis.com/v1/operations/cHJlc2F2ZS1hcHAvdXMtY2VudHJhbDEvZGVjcmVtZW50U2F2ZU9uQXBwbGVEZWxldGUvX2RvQlJlWFlFWnM  
 
[debug] [2020-08-04T20:58:32.758Z] >>> HTTP REQUEST GET https://cloudfunctions.googleapis.com/v1/operations/cHJlc2F2ZS1hcHAvdXMtY2VudHJhbDEvZGVjcmVtZW50U2F2ZU9uTWVzc2VuZ2VyRGVsZXRlL0xENDViSC1JQW5v  
 
[debug] [2020-08-04T20:58:32.766Z] >>> HTTP REQUEST GET https://cloudfunctions.googleapis.com/v1/operations/cHJlc2F2ZS1hcHAvdXMtY2VudHJhbDEvcGFyc2VTYXZlQ291bnQvTE83ZWJoRDY3WmM  
 
[debug] [2020-08-04T20:58:32.768Z] >>> HTTP REQUEST GET https://cloudfunctions.googleapis.com/v1/operations/cHJlc2F2ZS1hcHAvdXMtY2VudHJhbDEvZm9sbG93T25DcmVhdGUvb3ZOdkNpYnM0bDQ  
 
[debug] [2020-08-04T20:58:32.769Z] >>> HTTP REQUEST GET https://cloudfunctions.googleapis.com/v1/operations/cHJlc2F2ZS1hcHAvdXMtY2VudHJhbDEvZGVjcmVtZW50U2F2ZU9uRGVsZXRlL2Z2ODg3VFprVU40  
 
[debug] [2020-08-04T20:58:33.046Z] <<< HTTP RESPONSE 200 {"content-type":"application/json; charset=UTF-8","vary":"X-Origin, Referer, Origin,Accept-Encoding","date":"Tue, 04 Aug 2020 20:58:33 GMT","server":"ESF","cache-control":"private","x-xss-protection":"0","x-frame-options":"SAMEORIGIN","x-content-type-options":"nosniff","alt-svc":"h3-29=\":443\"; ma=2592000,h3-27=\":443\"; ma=2592000,h3-T050=\":443\"; ma=2592000,h3-Q050=\":443\"; ma=2592000,h3-Q046=\":443\"; ma=2592000,h3-Q043=\":443\"; ma=2592000,quic=\":443\"; ma=2592000; v=\"46,43\"","accept-ranges":"none","transfer-encoding":"chunked"}
[debug] [2020-08-04T20:58:33.049Z] <<< HTTP RESPONSE 200 {"content-type":"application/json; charset=UTF-8","vary":"X-Origin, Referer, Origin,Accept-Encoding","date":"Tue, 04 Aug 2020 20:58:33 GMT","server":"ESF","cache-control":"private","x-xss-protection":"0","x-frame-options":"SAMEORIGIN","x-content-type-options":"nosniff","alt-svc":"h3-29=\":443\"; ma=2592000,h3-27=\":443\"; ma=2592000,h3-T050=\":443\"; ma=2592000,h3-Q050=\":443\"; ma=2592000,h3-Q046=\":443\"; ma=2592000,h3-Q043=\":443\"; ma=2592000,quic=\":443\"; ma=2592000; v=\"46,43\"","accept-ranges":"none","transfer-encoding":"chunked"}
[debug] [2020-08-04T20:58:33.108Z] <<< HTTP RESPONSE 200 {"content-type":"application/json; charset=UTF-8","vary":"X-Origin, Referer, Origin,Accept-Encoding","date":"Tue, 04 Aug 2020 20:58:33 GMT","server":"ESF","cache-control":"private","x-xss-protection":"0","x-frame-options":"SAMEORIGIN","x-content-type-options":"nosniff","alt-svc":"h3-29=\":443\"; ma=2592000,h3-27=\":443\"; ma=2592000,h3-T050=\":443\"; ma=2592000,h3-Q050=\":443\"; ma=2592000,h3-Q046=\":443\"; ma=2592000,h3-Q043=\":443\"; ma=2592000,quic=\":443\"; ma=2592000; v=\"46,43\"","accept-ranges":"none","transfer-encoding":"chunked"}
[debug] [2020-08-04T20:58:33.108Z] <<< HTTP RESPONSE 200 {"content-type":"application/json; charset=UTF-8","vary":"X-Origin, Referer, Origin,Accept-Encoding","date":"Tue, 04 Aug 2020 20:58:33 GMT","server":"ESF","cache-control":"private","x-xss-protection":"0","x-frame-options":"SAMEORIGIN","x-content-type-options":"nosniff","alt-svc":"h3-29=\":443\"; ma=2592000,h3-27=\":443\"; ma=2592000,h3-T050=\":443\"; ma=2592000,h3-Q050=\":443\"; ma=2592000,h3-Q046=\":443\"; ma=2592000,h3-Q043=\":443\"; ma=2592000,quic=\":443\"; ma=2592000; v=\"46,43\"","accept-ranges":"none","transfer-encoding":"chunked"}
[debug] [2020-08-04T20:58:33.109Z] <<< HTTP RESPONSE 200 {"content-type":"application/json; charset=UTF-8","vary":"X-Origin, Referer, Origin,Accept-Encoding","date":"Tue, 04 Aug 2020 20:58:33 GMT","server":"ESF","cache-control":"private","x-xss-protection":"0","x-frame-options":"SAMEORIGIN","x-content-type-options":"nosniff","alt-svc":"h3-29=\":443\"; ma=2592000,h3-27=\":443\"; ma=2592000,h3-T050=\":443\"; ma=2592000,h3-Q050=\":443\"; ma=2592000,h3-Q046=\":443\"; ma=2592000,h3-Q043=\":443\"; ma=2592000,quic=\":443\"; ma=2592000; v=\"46,43\"","accept-ranges":"none","transfer-encoding":"chunked"}
